0 info it worked if it ends with ok
1 verbose cli [ 'C:\\Program Files\\nodejs\\node.exe',
1 verbose cli   'C:\\Program Files\\nodejs\\node_modules\\npm\\bin\\npm-cli.js',
1 verbose cli   'run',
1 verbose cli   'css' ]
2 info using npm@3.10.8
3 info using node@v6.9.1
4 verbose run-script [ 'precss', 'css', 'postcss' ]
5 info lifecycle styled-elm@1.0.0~precss: styled-elm@1.0.0
6 silly lifecycle styled-elm@1.0.0~precss: no script for precss, continuing
7 info lifecycle styled-elm@1.0.0~css: styled-elm@1.0.0
8 verbose lifecycle styled-elm@1.0.0~css: unsafe-perm in lifecycle true
9 verbose lifecycle styled-elm@1.0.0~css: PATH: C:\Users\abrah\AppData\Roaming\nvm\v6.9.1\node_modules\npm\bin\node-gyp-bin;C:\git\styled-elm\node_modules\.bin;C:\Program Files\Docker\Docker\Resources\bin;C:\Program Files\Haskell\bin;C:\Program Files\Haskell Platform\8.0.1\lib\extralibs\bin;C:\Program Files\Haskell Platform\8.0.1\bin;C:\ProgramData\Oracle\Java\javapath;C:\Program Files\Dell\DW WLAN Card;C:\Program Files (x86)\Intel\iCLS Client\;C:\Program Files\Intel\iCLS Client\;C:\Windows\system32;C:\Windows;C:\Windows\System32\Wbem;C:\Windows\System32\WindowsPowerShell\v1.0\;C:\Program Files (x86)\Intel\Intel(R) Management Engine Components\DAL;C:\Program Files\Intel\Intel(R) Management Engine Components\DAL;C:\Program Files (x86)\Intel\Intel(R) Management Engine Components\IPT;C:\Program Files\Intel\Intel(R) Management Engine Components\IPT;C:\Program Files\WIDCOMM\Bluetooth Software\;C:\Program Files\WIDCOMM\Bluetooth Software\syswow64;C:\Program Files (x86)\NVIDIA Corporation\PhysX\Common;C:\Users\abrah\AppData\Roaming\nvm;C:\Program Files\nodejs;C:\WINDOWS\system32;C:\WINDOWS;C:\WINDOWS\System32\Wbem;C:\WINDOWS\System32\WindowsPowerShell\v1.0\;C:\Program Files\Git\cmd;C:\Program Files (x86)\GitExtensions\;C:\Program Files (x86)\Windows Kits\8.1\Windows Performance Toolkit\;C:\Program Files\Microsoft SQL Server\130\Tools\Binn\;C:\Program Files (x86)\Microsoft Emulator Manager\1.0\;C:\Program Files\dotnet\;C:\Program Files\Calibre2\;C:\Program Files (x86)\GtkSharp\2.12\bin;C:\ProgramData\chocolatey\bin;C:\Program Files\Haskell Platform\8.0.1\mingw\bin;C:\Program Files\erl8.0\bin;C:\Program Files (x86)\Microsoft SQL Server\Client SDK\ODBC\130\Tools\Binn\;C:\Program Files (x86)\Microsoft SQL Server\130\Tools\Binn\;C:\Program Files (x86)\Microsoft SQL Server\130\DTS\Binn\;C:\Program Files (x86)\Microsoft SQL Server\130\Tools\Binn\ManagementStudio\;C:\Program Files (x86)\Elixir\bin;C:\WINDOWS\system32\config\systemprofile\.mix\escripts;C:\Program Files\Microsoft SQL Server\Client SDK\ODBC\110\Tools\Binn\;C:\Program Files (x86)\Microsoft SQL Server\120\Tools\Binn\;C:\Program Files\Microsoft SQL Server\120\Tools\Binn\;C:\Program Files\Microsoft SQL Server\120\DTS\Binn\;C:\Users\abrah\AppData\Roaming\cabal\bin;C:\Users\abrah\AppData\Roaming\local\bin;C:\Users\abrah\AppData\Local\atom\bin;C:\Program Files (x86)\Microsoft VS Code\bin;C:\Users\abrah\AppData\Local\Microsoft\WindowsApps;C:\Program Files\Elm;C:\Python27;C:\Users\abrah\AppData\Local\Google\Cloud SDK\google-cloud-sdk\bin;C:\Users\abrah\AppData\Roaming\nvm;C:\Program Files\nodejs
10 verbose lifecycle styled-elm@1.0.0~css: CWD: C:\git\styled-elm
11 silly lifecycle styled-elm@1.0.0~css: Args: [ '/d /s /c',
11 silly lifecycle   'elm-css --pathToMake ./node_modules/.bin/elm-make -o ./src ./src/Stylesheets.elm' ]
12 silly lifecycle styled-elm@1.0.0~css: Returned: code: 1  signal: null
13 info lifecycle styled-elm@1.0.0~css: Failed to exec css script
14 verbose stack Error: styled-elm@1.0.0 css: `elm-css --pathToMake ./node_modules/.bin/elm-make -o ./src ./src/Stylesheets.elm`
14 verbose stack Exit status 1
14 verbose stack     at EventEmitter.<anonymous> (C:\Users\abrah\AppData\Roaming\nvm\v6.9.1\node_modules\npm\lib\utils\lifecycle.js:255:16)
14 verbose stack     at emitTwo (events.js:106:13)
14 verbose stack     at EventEmitter.emit (events.js:191:7)
14 verbose stack     at ChildProcess.<anonymous> (C:\Users\abrah\AppData\Roaming\nvm\v6.9.1\node_modules\npm\lib\utils\spawn.js:40:14)
14 verbose stack     at emitTwo (events.js:106:13)
14 verbose stack     at ChildProcess.emit (events.js:191:7)
14 verbose stack     at maybeClose (internal/child_process.js:877:16)
14 verbose stack     at Process.ChildProcess._handle.onexit (internal/child_process.js:226:5)
15 verbose pkgid styled-elm@1.0.0
16 verbose cwd C:\git\styled-elm
17 error Windows_NT 10.0.15063
18 error argv "C:\\Program Files\\nodejs\\node.exe" "C:\\Program Files\\nodejs\\node_modules\\npm\\bin\\npm-cli.js" "run" "css"
19 error node v6.9.1
20 error npm  v3.10.8
21 error code ELIFECYCLE
22 error styled-elm@1.0.0 css: `elm-css --pathToMake ./node_modules/.bin/elm-make -o ./src ./src/Stylesheets.elm`
22 error Exit status 1
23 error Failed at the styled-elm@1.0.0 css script 'elm-css --pathToMake ./node_modules/.bin/elm-make -o ./src ./src/Stylesheets.elm'.
23 error Make sure you have the latest version of node.js and npm installed.
23 error If you do, this is most likely a problem with the styled-elm package,
23 error not with npm itself.
23 error Tell the author that this fails on your system:
23 error     elm-css --pathToMake ./node_modules/.bin/elm-make -o ./src ./src/Stylesheets.elm
23 error You can get information on how to open an issue for this project with:
23 error     npm bugs styled-elm
23 error Or if that isn't available, you can get their info via:
23 error     npm owner ls styled-elm
23 error There is likely additional logging output above.
24 verbose exit [ 1, true ]
